Arguments: 
  /usr/local/bin/node /usr/local/Cellar/yarn/1.17.3/libexec/bin/yarn.js install

PATH: 
  /Users/oliverjuhl/.fastlane/bin:/Users/oliverjuhl/Desktop/development/google-cloud-sdk/bin:/Library/Frameworks/Python.framework/Versions/3.8/bin:/usr/local/bin:/usr/bin:/bin:/usr/sbin:/sbin:/usr/local/share/dotnet:~/.dotnet/tools:/Library/Frameworks/Mono.framework/Versions/Current/Commands:/Users/oliverjuhl/miniconda3/bin:/Users/oliverjuhl/development/flutter/bin

Yarn version: 
  1.17.3

Node version: 
  10.15.0

Platform: 
  darwin x64

Trace: 
  Error: https://registry.yarnpkg.com/medusa-test-utils: Not found
      at Request.params.callback [as _callback] (/usr/local/Cellar/yarn/1.17.3/libexec/lib/cli.js:66830:18)
      at Request.self.callback (/usr/local/Cellar/yarn/1.17.3/libexec/lib/cli.js:140464:22)
      at Request.emit (events.js:182:13)
      at Request.<anonymous> (/usr/local/Cellar/yarn/1.17.3/libexec/lib/cli.js:141436:10)
      at Request.emit (events.js:182:13)
      at IncomingMessage.<anonymous> (/usr/local/Cellar/yarn/1.17.3/libexec/lib/cli.js:141358:12)
      at Object.onceWrapper (events.js:273:13)
      at IncomingMessage.emit (events.js:187:15)
      at endReadableNT (_stream_readable.js:1094:12)
      at process._tickCallback (internal/process/next_tick.js:63:19)

npm manifest: 
  {
    "name": "medusa-permission",
    "version": "1.0.0",
    "description": "Role permission for Medusa core",
    "main": "dist/index.js",
    "repository": {
      "type": "git",
      "url": "https://github.com/srindom/medusa",
      "directory": "packages/medusa-permission"
    },
    "scripts": {
      "build": "babel src --out-dir dist/ --ignore **/__tests__",
      "prepare": "cross-env NODE_ENV=production npm run build",
      "watch": "babel -w src --out-dir dist/ --ignore **/__tests__",
      "test": "jest"
    },
    "author": "Oliver Juhl",
    "license": "AGPL-3.0-or-later",
    "devDependencies": {
      "@babel/cli": "^7.7.5",
      "@babel/core": "^7.7.5",
      "@babel/plugin-proposal-class-properties": "^7.7.4",
      "@babel/plugin-transform-runtime": "^7.7.6",
      "@babel/preset-env": "^7.7.5",
      "@babel/runtime": "^7.7.6",
      "cross-env": "^5.2.1",
      "jest": "^24.9.0"
    },
    "dependencies": {
      "mongoose": "^5.8.0",
      "medusa-test-utils": "^1.0.0",
      "medusa-core-utils": "^1.0.0",
      "medusa-interfaces": "^1.0.0"
    }
  }

yarn manifest: 
  No manifest

Lockfile: 
  No lockfile
