[11:08:07.626] Global cache location '/Users/phko/Library/Caches/typescript/5.2', safe file path '/users/phko/projects/medusa/repos/medusa/node_modules/typescript/lib/typingsafelist.json', types map path /users/phko/projects/medusa/repos/medusa/node_modules/typescript/lib/typesmap.json
[11:08:07.629] Processing cache location '/Users/phko/Library/Caches/typescript/5.2'
[11:08:07.629] Trying to find '/Users/phko/Library/Caches/typescript/5.2/package.json'...
[11:08:07.633] Loaded content of '/Users/phko/Library/Caches/typescript/5.2/package.json': {"private":true,"dependencies":{"types-registry":"^0.1.680"},"devDependencies":{"@types/accepts":"^1.3.5","@types/babel__core":"^7.20.5","@types/babel__plugin-transform-runtime":"^7.9.5","@types/babel__preset-env":"^7.9.6","@types/babel__register":"^7.17.3","@types/bcrypt":"^5.0.1","@types/better-sqlite3":"^7.6.4","@types/body-parser":"^1.19.5","@types/bytes":"^3.1.2","@types/compressible":"^2.0.0","@types/compression":"^1.7.3","@types/connect-timeout":"^0.0.39","@types/cors":"^2.8.17","@types/eslint":"^8.44.8","@types/eslint-config-prettier":"^6.11.3","@types/eslint-plugin-prettier":"^3.1.3","@types/express":"^4.17.21","@types/fs-extra":"^11.0.2","@types/graceful-fs":"^4.1.8","@types/inherits":"^0.0.31","@types/is-number":"^7.0.3","@types/jest":"^29.5.10","@types/k6":"^0.47.3","@types/kind-of":"^6.0.1","@types/lint-staged":"^13.2.2","@types/lodash":"^4.14.202","@types/math-random":"^1.0.0","@types/mime-db":"^1.43.2","@types/mime-types":"^2.1.2","@types/mssql":"^8.1.2","@types/mysql":"^2.15.21","@types/negotiator":"^0.6.1","@types/on-headers":"^1.0.1","@types/passport":"^1.0.13","@types/passport-http-bearer":"^1.0.37","@types/passport-jwt":"^3.0.10","@types/passport-local":"^1.0.36","@types/passport-strategy":"^0.2.36","@types/pause":"^0.1.1","@types/pg":"^8.10.2","@types/prismjs":"^1.26.1","@types/progress-stream":"^2.0.2","@types/randomatic":"^3.1.3","@types/react":"^18.2.39","@types/react-dev-utils":"^9.0.15","@types/react-dom":"^18.2.17","@types/react-is":"^18.2.2","@types/request-ip":"^0.0.39","@types/sqlite3":"^3.1.8","@types/sqlstring":"^2.3.0","@types/styled-components":"^5.1.28","@types/triple-beam":"^1.3.5","@types/uuid":"^9.0.5","@types/validator":"^13.11.5","@types/vary":"^1.1.1","@types/webpack":"^5.28.3"}}
[11:08:07.634] Loaded content of '/Users/phko/Library/Caches/typescript/5.2/package-lock.json'
[11:08:07.634] Finished processing cache location '/Users/phko/Library/Caches/typescript/5.2'
[11:08:07.634] Process id: 56604
[11:08:07.634] NPM location: /opt/homebrew/Cellar/node@18/18.18.2/bin/npm (explicit '--npmLocation' not  provided)
[11:08:07.635] validateDefaultNpmLocation: false
[11:08:07.635] Npm config file: /Users/phko/Library/Caches/typescript/5.2/package.json
[11:08:07.635] Updating types-registry npm package...
[11:08:07.635] Exec: /opt/homebrew/Cellar/node@18/18.18.2/bin/npm install --ignore-scripts types-registry@latest
[11:08:10.727]     Succeeded. stdout:
    
    changed 1 package, and audited 253 packages in 3s

16 packages are looking for funding
  run `npm fund` for details

1 [33m[1mmoderate[22m[39m severity vulnerability

To address all issues, run:
  npm audit fix

Run `npm audit` for details.

[11:08:10.727] Updated types-registry npm package
[11:08:10.749] Closing file watchers for project '/Applications/IntelliJ IDEA.app/Contents/plugins/javascript-impl/jsLanguageServicesImpl/typescript/tsconfig.json'
[11:08:10.750] No watchers are registered for project '/Applications/IntelliJ IDEA.app/Contents/plugins/javascript-impl/jsLanguageServicesImpl/typescript/tsconfig.json'
[11:34:33.750] Closing file watchers for project '/Users/phko/projects/medusa/repos/medusa/packages/types/tsconfig.json'
[11:34:33.753] No watchers are registered for project '/Users/phko/projects/medusa/repos/medusa/packages/types/tsconfig.json'
[11:34:33.754] Closing file watchers for project '/dev/null/autoImportProviderProject2*'
[11:34:33.754] No watchers are registered for project '/dev/null/autoImportProviderProject2*'
